<?xml version="1.0" encoding="UTF-8"?>
<!-- Generated by org.testng.reporters.JUnitReportReporter -->
<testsuite hostname="DESKTOP-DLIAV7S" failures="0" tests="1" name="NewPractice.NewPractice2Test" time="0.024" errors="0" timestamp="2024-01-24T10:53:28 IST" skipped="0">
  <testcase classname="NewPractice.NewPractice2Test" name="sample2Test" time="0.024"/>
  <system-out/>
</testsuite> <!-- NewPractice.NewPractice2Test -->
